2024-04-12T11:22:20.269Z - Starting the code generation process...
2024-04-12T11:22:20.269Z - Prompting user for code type...
2024-04-12T11:22:26.679Z - Generating code based on the prompt: node task program
2024-04-12T11:22:26.680Z - Generating code for prompt: node task program
2024-04-12T11:22:26.680Z - Loading text generation pipeline...
2024-04-12T11:23:15.270Z - Starting the code generation process...
2024-04-12T11:23:15.271Z - Prompting user for code type...
2024-04-12T11:23:24.883Z - Generating code based on the prompt: task app nodejs
2024-04-12T11:23:24.884Z - Generating code for prompt: task app nodejs
2024-04-12T11:23:24.884Z - Loading text generation pipeline...
2024-04-12T11:26:33.670Z - Starting the code generation process...
2024-04-12T11:26:33.670Z - Prompting user for code type...
2024-04-12T11:26:40.413Z - Generating code based on the prompt: nodejs task app
2024-04-12T11:26:40.413Z - Generating code for prompt - Details: {"prompt":"nodejs task app"}
2024-04-12T11:26:40.413Z - Loading text generation pipeline
2024-04-12T17:24:59.371Z - Starting the code generation process...
2024-04-12T17:24:59.371Z - Prompting user for code type...
2024-04-12T17:25:03.270Z - Generating code based on the prompt: task appp
2024-04-12T17:25:03.270Z - Generating code for prompt - Details: {"prompt":"task appp"}
2024-04-12T17:25:03.270Z - Loading text generation pipeline
2024-04-12T17:25:03.271Z - 
2024-04-12T17:31:04.260Z - Starting the code generation process...
2024-04-12T17:31:04.260Z - Prompting user for code type...
2024-04-12T17:31:08.621Z - Generating code based on the prompt: taskapp
2024-04-12T17:31:08.622Z - Generating code for prompt - Details: {"prompt":"taskapp"}
2024-04-12T17:31:08.622Z - Loading text generation pipeline
2024-04-12T17:31:08.622Z - 
2024-04-12T17:33:07.513Z - Starting the code generation process...
2024-04-12T17:33:07.513Z - Prompting user for code type...
2024-04-12T17:33:12.133Z - Generating code based on the prompt: taskapp
2024-04-12T17:33:12.133Z - Generating code for prompt - Details: {"prompt":"taskapp"}
2024-04-12T17:33:12.133Z - Loading text generation pipeline
2024-04-12T17:33:12.133Z - 
2024-04-12T17:40:37.244Z - Starting the code generation process...
2024-04-12T17:40:37.245Z - Prompting user for code type...
2024-04-12T17:40:40.804Z - Generating code based on the prompt: taskapp
2024-04-12T17:40:40.805Z - Generating code for prompt - Details: {"prompt":"taskapp"}
2024-04-12T17:40:40.805Z - Loading text generation pipeline
2024-04-12T17:40:40.805Z - 
2024-04-13T16:48:09.371Z - Starting the code generation process...
2024-04-13T16:48:09.371Z - Prompting user for code type...
2024-04-13T16:48:13.949Z - Generating code based on the prompt: task app
2024-04-13T16:48:13.949Z - Generating code for prompt - Details: {"prompt":"task app"}
2024-04-13T16:48:13.949Z - Loading text generation pipeline
2024-04-13T16:48:13.949Z - 
[2024-04-13T17:53:03.756Z] - Starting the code generation process...
[2024-04-13T17:53:03.756Z] - Prompting user for code type...
[2024-04-13T17:53:07.859Z] - Generating code based on the prompt: task app
[2024-04-13T17:53:07.860Z] - Generating code for prompt - Details: {"prompt":"task app"}
[2024-04-13T17:53:07.860Z] - Loading text generation pipeline
[2024-04-13T19:34:12.485Z] - Starting the code generation process...
[2024-04-13T19:34:12.486Z] - Prompting user for code type...
[2024-04-13T19:34:16.051Z] - Generating code based on the prompt: task app
[2024-04-13T19:34:16.052Z] - Generating code for prompt - Details: {"prompt":"task app"}
[2024-04-13T19:34:16.052Z] - Loading text generation pipeline
